<?xml version="1.0" encoding="UTF-8"?>
<!-- Generated by org.testng.reporters.JUnitReportReporter -->
<testsuite hostname="BDC8-LX-5TDB103" failures="0" tests="1" name="aspire.pom.pages.Demo" time="12.938" errors="0" timestamp="2022-04-21T14:30:43 IST" skipped="0">
  <testcase classname="aspire.pom.pages.Demo" name="test1" time="12.938"/>
  <system-out/>
</testsuite> <!-- aspire.pom.pages.Demo -->
